TN:
SF:src\auth\auth.controller.ts
FN:6,(anonymous_4)
FN:12,(anonymous_5)
FNF:2
FNH:0
FNDA:0,(anonymous_4)
FNDA:0,(anonymous_5)
DA:1,0
DA:2,0
DA:6,0
DA:7,0
DA:12,0
DA:13,0
DA:14,0
LF:7
LH:0
BRDA:13,0,0,0
BRDA:13,0,1,0
BRDA:13,0,2,0
BRF:3
BRH:0
end_of_record
TN:
SF:src\deportistas\deportistas.controller.ts
FN:86,(anonymous_5)
FN:124,(anonymous_6)
FN:143,(anonymous_7)
FN:156,(anonymous_8)
FN:162,(anonymous_9)
FN:223,(anonymous_10)
FN:245,(anonymous_11)
FN:277,(anonymous_12)
FN:318,(anonymous_13)
FN:376,(anonymous_14)
FN:407,(anonymous_15)
FNF:11
FNH:3
FNDA:1,(anonymous_5)
FNDA:1,(anonymous_6)
FNDA:0,(anonymous_7)
FNDA:0,(anonymous_8)
FNDA:0,(anonymous_9)
FNDA:1,(anonymous_10)
FNDA:0,(anonymous_11)
FNDA:0,(anonymous_12)
FNDA:0,(anonymous_13)
FNDA:0,(anonymous_14)
FNDA:0,(anonymous_15)
DA:1,1
DA:14,1
DA:23,1
DA:24,1
DA:25,1
DA:26,1
DA:31,1
DA:33,3
DA:34,3
DA:86,1
DA:93,1
DA:124,1
DA:125,1
DA:143,1
DA:149,0
DA:150,0
DA:151,0
DA:153,0
DA:154,0
DA:155,0
DA:157,0
DA:162,0
DA:172,0
DA:182,0
DA:185,0
DA:186,0
DA:187,0
DA:192,0
DA:193,0
DA:199,0
DA:223,1
DA:224,1
DA:245,1
DA:246,0
DA:277,1
DA:278,0
DA:318,1
DA:322,0
DA:376,1
DA:380,0
DA:407,1
DA:408,0
LF:42
LH:21
BRDA:94,0,0,1
BRDA:94,0,1,0
BRDA:95,1,0,1
BRDA:95,1,1,0
BRDA:149,2,0,0
BRDA:149,2,1,0
BRDA:149,3,0,0
BRDA:149,3,1,0
BRDA:151,4,0,0
BRDA:151,4,1,0
BRDA:151,5,0,0
BRDA:151,5,1,0
BRDA:153,6,0,0
BRDA:153,6,1,0
BRDA:157,7,0,0
BRDA:157,7,1,0
BRDA:166,8,0,0
BRDA:166,8,1,0
BRDA:167,9,0,0
BRDA:167,9,1,0
BRDA:168,10,0,0
BRDA:168,10,1,0
BRDA:169,11,0,0
BRDA:169,11,1,0
BRDA:185,12,0,0
BRDA:185,12,1,0
BRF:26
BRH:2
end_of_record
TN:
SF:src\deportistas\deportistas.service.ts
FN:14,(anonymous_2)
FN:16,(anonymous_3)
FN:39,(anonymous_4)
FN:49,(anonymous_5)
FN:62,(anonymous_6)
FN:75,(anonymous_7)
FN:103,(anonymous_8)
FN:106,(anonymous_9)
FN:111,(anonymous_10)
FN:127,(anonymous_11)
FN:137,(anonymous_12)
FN:144,(anonymous_13)
FN:176,(anonymous_14)
FN:182,(anonymous_15)
FN:187,(anonymous_16)
FN:226,(anonymous_17)
FNF:16
FNH:13
FNDA:16,(anonymous_2)
FNDA:6,(anonymous_3)
FNDA:0,(anonymous_4)
FNDA:8,(anonymous_5)
FNDA:6,(anonymous_6)
FNDA:3,(anonymous_7)
FNDA:1,(anonymous_8)
FNDA:1,(anonymous_9)
FNDA:6,(anonymous_10)
FNDA:2,(anonymous_11)
FNDA:2,(anonymous_12)
FNDA:1,(anonymous_13)
FNDA:0,(anonymous_14)
FNDA:2,(anonymous_15)
FNDA:2,(anonymous_16)
FNDA:0,(anonymous_17)
DA:1,2
DA:7,2
DA:13,2
DA:14,16
DA:21,6
DA:22,6
DA:23,6
DA:24,0
DA:27,6
DA:28,6
DA:30,0
DA:31,0
DA:32,0
DA:38,0
DA:39,0
DA:40,0
DA:42,0
DA:43,0
DA:46,0
DA:50,8
DA:51,6
DA:52,6
DA:55,6
DA:56,6
DA:57,0
DA:59,6
DA:63,6
DA:68,6
DA:82,3
DA:83,3
DA:85,3
DA:86,3
DA:87,3
DA:88,0
DA:93,3
DA:103,3
DA:104,3
DA:106,3
DA:108,3
DA:112,6
DA:121,6
DA:122,2
DA:123,4
DA:124,4
DA:128,2
DA:131,2
DA:132,1
DA:133,1
DA:134,1
DA:138,2
DA:141,2
DA:142,1
DA:144,1
DA:145,1
DA:161,1
DA:162,0
DA:172,1
DA:177,0
DA:178,0
DA:179,0
DA:183,2
DA:184,1
DA:191,2
DA:193,2
DA:196,2
DA:197,0
DA:202,2
DA:210,2
DA:211,1
DA:216,1
DA:227,0
LF:71
LH:53
BRDA:23,0,0,0
BRDA:23,0,1,6
BRDA:28,1,0,6
BRDA:28,1,1,0
BRDA:42,2,0,0
BRDA:42,2,1,0
BRDA:42,3,0,0
BRDA:42,3,1,0
BRDA:50,4,0,2
BRDA:50,4,1,6
BRDA:71,5,0,0
BRDA:71,5,1,6
BRDA:76,6,0,1
BRDA:77,7,0,1
BRDA:85,8,0,1
BRDA:85,8,1,2
BRDA:86,9,0,1
BRDA:86,9,1,2
BRDA:87,10,0,0
BRDA:87,10,1,3
BRDA:121,11,0,2
BRDA:121,11,1,4
BRDA:131,12,0,1
BRDA:131,12,1,1
BRDA:141,13,0,1
BRDA:141,13,1,1
BRDA:152,14,0,1
BRDA:152,14,1,0
BRDA:161,15,0,0
BRDA:161,15,1,1
BRDA:196,16,0,0
BRDA:196,16,1,2
BRDA:210,17,0,1
BRDA:210,17,1,1
BRF:34
BRH:23
end_of_record
TN:
SF:src\disciplinas\disciplinas.controller.ts
FN:58,(anonymous_5)
FN:76,(anonymous_6)
FN:84,(anonymous_7)
FN:144,(anonymous_8)
FN:165,(anonymous_9)
FN:197,(anonymous_10)
FN:238,(anonymous_11)
FNF:7
FNH:0
FNDA:0,(anonymous_5)
FNDA:0,(anonymous_6)
FNDA:0,(anonymous_7)
FNDA:0,(anonymous_8)
FNDA:0,(anonymous_9)
FNDA:0,(anonymous_10)
FNDA:0,(anonymous_11)
DA:1,0
DA:14,0
DA:23,0
DA:24,0
DA:25,0
DA:26,0
DA:31,0
DA:33,0
DA:34,0
DA:58,0
DA:59,0
DA:76,0
DA:81,0
DA:82,0
DA:84,0
DA:94,0
DA:103,0
DA:106,0
DA:107,0
DA:108,0
DA:113,0
DA:114,0
DA:120,0
DA:144,0
DA:145,0
DA:165,0
DA:166,0
DA:197,0
DA:198,0
DA:238,0
DA:242,0
LF:31
LH:0
BRDA:81,0,0,0
BRDA:81,0,1,0
BRDA:81,1,0,0
BRDA:81,1,1,0
BRDA:87,2,0,0
BRDA:87,2,1,0
BRDA:88,3,0,0
BRDA:88,3,1,0
BRDA:89,4,0,0
BRDA:89,4,1,0
BRDA:91,5,0,0
BRDA:91,5,1,0
BRDA:106,6,0,0
BRDA:106,6,1,0
BRF:14
BRH:0
end_of_record
TN:
SF:src\disciplinas\disciplinas.service.ts
FN:12,(anonymous_2)
FN:14,(anonymous_3)
FN:22,(anonymous_4)
FN:31,(anonymous_5)
FN:50,(anonymous_6)
FN:62,(anonymous_7)
FNF:6
FNH:6
FNDA:9,(anonymous_2)
FNDA:2,(anonymous_3)
FNDA:5,(anonymous_4)
FNDA:2,(anonymous_5)
FNDA:1,(anonymous_6)
FNDA:2,(anonymous_7)
DA:1,1
DA:6,1
DA:11,1
DA:12,9
DA:15,2
DA:16,2
DA:23,5
DA:26,5
DA:27,2
DA:28,3
DA:32,2
DA:35,2
DA:36,1
DA:38,1
DA:51,1
DA:53,1
DA:54,1
DA:55,1
DA:56,1
DA:57,1
DA:59,1
DA:63,2
DA:64,1
LF:23
LH:23
BRDA:15,0,0,1
BRDA:15,0,1,1
BRDA:26,1,0,2
BRDA:26,1,1,3
BRDA:35,2,0,1
BRDA:35,2,1,1
BRDA:54,3,0,1
BRDA:54,3,1,0
BRDA:55,4,0,0
BRDA:55,4,1,1
BRDA:56,5,0,0
BRDA:56,5,1,1
BRDA:57,6,0,0
BRDA:57,6,1,1
BRF:14
BRH:10
end_of_record
TN:
SF:src\espacios\espacios.controller.ts
FN:14,(anonymous_4)
FN:22,(anonymous_5)
FN:31,(anonymous_6)
FNF:3
FNH:0
FNDA:0,(anonymous_4)
FNDA:0,(anonymous_5)
FNDA:0,(anonymous_6)
DA:1,0
DA:8,0
DA:9,0
DA:13,0
DA:14,0
DA:22,0
DA:23,0
DA:31,0
DA:32,0
DA:33,0
DA:34,0
DA:35,0
LF:12
LH:0
BRDA:33,0,0,0
BRDA:33,0,1,0
BRF:2
BRH:0
end_of_record
TN:
SF:src\espacios\espacios.service.ts
FN:6,(anonymous_2)
FN:8,(anonymous_3)
FN:14,(anonymous_4)
FNF:3
FNH:3
FNDA:3,(anonymous_2)
FNDA:1,(anonymous_3)
FNDA:2,(anonymous_4)
DA:1,1
DA:2,1
DA:5,1
DA:6,3
DA:9,1
DA:15,2
LF:6
LH:6
BRF:0
BRH:0
end_of_record
TN:
SF:src\horarios\horarios.controller.ts
FN:21,(anonymous_4)
FN:36,(anonymous_5)
FNF:2
FNH:0
FNDA:0,(anonymous_4)
FNDA:0,(anonymous_5)
DA:1,0
DA:9,0
DA:10,0
DA:20,0
DA:21,0
DA:36,0
DA:40,0
DA:41,0
DA:42,0
LF:9
LH:0
BRDA:40,0,0,0
BRDA:40,0,1,0
BRF:2
BRH:0
end_of_record
TN:
SF:src\horarios\horarios.service.ts
FN:6,(anonymous_2)
FN:8,(anonymous_3)
FN:63,(anonymous_4)
FN:69,(anonymous_5)
FNF:4
FNH:0
FNDA:0,(anonymous_2)
FNDA:0,(anonymous_3)
FNDA:0,(anonymous_4)
FNDA:0,(anonymous_5)
DA:1,0
DA:2,0
DA:5,0
DA:6,0
DA:9,0
DA:18,0
DA:19,0
DA:22,0
DA:23,0
DA:25,0
DA:37,0
DA:38,0
DA:39,0
DA:40,0
DA:42,0
DA:56,0
DA:63,0
DA:69,0
LF:18
LH:0
BRDA:18,0,0,0
BRDA:18,0,1,0
BRF:2
BRH:0
end_of_record
TN:
SF:src\mail\mail.service.ts
FN:14,(anonymous_10)
FN:29,(anonymous_11)
FN:38,(anonymous_12)
FNF:3
FNH:0
FNDA:0,(anonymous_10)
FNDA:0,(anonymous_11)
FNDA:0,(anonymous_12)
DA:1,2
DA:2,2
DA:3,2
DA:4,2
DA:5,2
DA:6,2
DA:14,2
DA:15,0
DA:17,0
DA:27,0
DA:30,0
DA:31,0
DA:32,0
DA:33,0
DA:35,0
DA:39,0
DA:40,0
DA:41,0
DA:44,0
DA:51,0
DA:65,0
DA:67,0
DA:86,0
LF:23
LH:7
BRDA:30,0,0,0
BRDA:30,0,1,0
BRDA:39,1,0,0
BRDA:39,1,1,0
BRF:4
BRH:0
end_of_record
TN:
SF:src\middleware\auth.middleware.ts
FN:17,(anonymous_11)
FN:27,(anonymous_12)
FNF:2
FNH:2
FNDA:8,(anonymous_11)
FNDA:7,(anonymous_12)
DA:1,1
DA:8,1
DA:9,1
DA:10,1
DA:13,1
DA:14,8
DA:18,8
DA:19,8
DA:20,8
DA:22,1
DA:23,1
DA:28,7
DA:29,1
DA:30,1
DA:31,1
DA:32,1
DA:34,0
DA:37,6
DA:39,6
DA:40,2
DA:41,2
DA:46,4
DA:48,4
DA:49,4
DA:53,3
DA:55,3
DA:56,1
DA:57,1
DA:60,2
DA:61,1
DA:64,1
DA:69,1
DA:70,1
DA:72,3
DA:76,2
DA:79,2
DA:81,1
DA:82,1
LF:38
LH:37
BRDA:28,0,0,1
BRDA:28,0,1,6
BRDA:29,1,0,1
BRDA:29,1,1,1
BRDA:30,2,0,1
BRDA:30,2,1,0
BRDA:39,3,0,2
BRDA:39,3,1,4
BRDA:39,4,0,6
BRDA:39,4,1,5
BRDA:53,5,0,3
BRDA:53,5,1,1
BRDA:55,6,0,1
BRDA:55,6,1,2
BRDA:60,7,0,1
BRDA:60,7,1,1
BRDA:72,8,0,2
BRDA:72,8,1,1
BRDA:73,9,0,3
BRDA:73,9,1,1
BRF:20
BRH:19
end_of_record
TN:
SF:src\pagos\pagos.controller.ts
FN:29,(anonymous_5)
FN:37,(anonymous_6)
FN:46,(anonymous_7)
FN:65,(anonymous_8)
FN:80,(anonymous_9)
FN:89,(anonymous_10)
FN:128,(anonymous_11)
FN:134,(anonymous_12)
FN:141,(anonymous_13)
FNF:9
FNH:0
FNDA:0,(anonymous_5)
FNDA:0,(anonymous_6)
FNDA:0,(anonymous_7)
FNDA:0,(anonymous_8)
FNDA:0,(anonymous_9)
FNDA:0,(anonymous_10)
FNDA:0,(anonymous_11)
FNDA:0,(anonymous_12)
FNDA:0,(anonymous_13)
DA:1,0
DA:14,0
DA:15,0
DA:16,0
DA:17,0
DA:21,0
DA:23,0
DA:24,0
DA:29,0
DA:30,0
DA:37,0
DA:41,0
DA:46,0
DA:50,0
DA:65,0
DA:71,0
DA:73,0
DA:77,0
DA:79,0
DA:80,0
DA:81,0
DA:82,0
DA:83,0
DA:84,0
DA:85,0
DA:89,0
DA:97,0
DA:105,0
DA:108,0
DA:109,0
DA:110,0
DA:115,0
DA:116,0
DA:122,0
DA:128,0
DA:129,0
DA:134,0
DA:135,0
DA:136,0
DA:141,0
DA:142,0
LF:41
LH:0
BRDA:31,0,0,0
BRDA:31,0,1,0
BRDA:51,1,0,0
BRDA:51,1,1,0
BRDA:52,2,0,0
BRDA:52,2,1,0
BRDA:77,3,0,0
BRDA:77,3,1,0
BRDA:77,4,0,0
BRDA:77,4,1,0
BRDA:79,5,0,0
BRDA:79,5,1,0
BRDA:79,6,0,0
BRDA:79,6,1,0
BRDA:81,7,0,0
BRDA:81,7,1,0
BRDA:83,8,0,0
BRDA:83,8,1,0
BRDA:84,9,0,0
BRDA:84,9,1,0
BRDA:85,10,0,0
BRDA:85,10,1,0
BRDA:92,11,0,0
BRDA:92,11,1,0
BRDA:94,12,0,0
BRDA:94,12,1,0
BRDA:108,13,0,0
BRDA:108,13,1,0
BRDA:135,14,0,0
BRDA:135,14,1,0
BRF:30
BRH:0
end_of_record
TN:
SF:src\pagos\pagos.service.ts
FN:15,(anonymous_2)
FN:17,(anonymous_3)
FN:24,(anonymous_4)
FN:35,(anonymous_5)
FN:46,(anonymous_6)
FN:52,(anonymous_7)
FN:55,(anonymous_8)
FN:87,(anonymous_9)
FN:124,(anonymous_10)
FN:125,(anonymous_11)
FN:149,(anonymous_12)
FN:154,(anonymous_13)
FN:172,(anonymous_14)
FN:210,(anonymous_15)
FN:261,(anonymous_16)
FN:274,(anonymous_17)
FN:305,(anonymous_18)
FNF:17
FNH:16
FNDA:14,(anonymous_2)
FNDA:1,(anonymous_3)
FNDA:2,(anonymous_4)
FNDA:1,(anonymous_5)
FNDA:1,(anonymous_6)
FNDA:1,(anonymous_7)
FNDA:1,(anonymous_8)
FNDA:1,(anonymous_9)
FNDA:1,(anonymous_10)
FNDA:1,(anonymous_11)
FNDA:0,(anonymous_12)
FNDA:2,(anonymous_13)
FNDA:4,(anonymous_14)
FNDA:1,(anonymous_15)
FNDA:3,(anonymous_16)
FNDA:1,(anonymous_17)
FNDA:2,(anonymous_18)
DA:1,1
DA:8,1
DA:12,1
DA:13,14
DA:15,14
DA:18,1
DA:25,2
DA:36,1
DA:46,1
DA:47,1
DA:51,1
DA:52,1
DA:55,1
DA:56,1
DA:58,1
DA:84,1
DA:88,1
DA:90,1
DA:106,1
DA:123,1
DA:124,1
DA:126,1
DA:138,1
DA:149,0
DA:151,1
DA:155,2
DA:159,2
DA:160,1
DA:165,1
DA:173,4
DA:176,4
DA:177,1
DA:182,3
DA:185,3
DA:186,1
DA:191,2
DA:192,2
DA:201,2
DA:202,1
DA:208,1
DA:210,1
DA:211,1
DA:228,1
DA:230,1
DA:231,1
DA:253,1
DA:256,1
DA:258,1
DA:262,3
DA:266,3
DA:267,1
DA:270,2
DA:271,1
DA:274,1
DA:275,1
DA:281,1
DA:283,1
DA:284,1
DA:297,1
DA:300,1
DA:302,1
DA:306,2
DA:317,2
DA:318,2
LF:64
LH:63
BRDA:28,0,0,2
BRDA:28,0,1,1
BRDA:65,1,0,1
BRDA:65,1,1,0
BRDA:88,2,0,1
BRDA:88,2,1,1
BRDA:114,3,0,1
BRDA:114,3,1,0
BRDA:127,4,0,1
BRDA:127,4,1,1
BRDA:128,5,0,1
BRDA:128,5,1,1
BRDA:129,6,0,1
BRDA:129,6,1,1
BRDA:130,7,0,1
BRDA:130,7,1,1
BRDA:131,8,0,1
BRDA:131,8,1,1
BRDA:132,9,0,1
BRDA:132,9,1,1
BRDA:133,10,0,1
BRDA:133,10,1,1
BRDA:134,11,0,1
BRDA:134,11,1,1
BRDA:135,12,0,1
BRDA:135,12,1,1
BRDA:159,13,0,1
BRDA:159,13,1,1
BRDA:176,14,0,1
BRDA:176,14,1,3
BRDA:185,15,0,1
BRDA:185,15,1,2
BRDA:191,16,0,2
BRDA:191,16,1,0
BRDA:201,17,0,1
BRDA:201,17,1,1
BRDA:223,18,0,1
BRDA:223,18,1,1
BRDA:230,19,0,1
BRDA:230,19,1,0
BRDA:266,20,0,1
BRDA:266,20,1,2
BRDA:270,21,0,1
BRDA:270,21,1,1
BRDA:281,22,0,1
BRDA:281,22,1,0
BRDA:283,23,0,1
BRDA:283,23,1,0
BRDA:287,24,0,1
BRDA:287,24,1,0
BRDA:317,25,0,0
BRDA:317,25,1,2
BRDA:318,26,0,2
BRDA:318,26,1,0
BRF:54
BRH:45
end_of_record
TN:
SF:src\prisma\prisma.service.ts
FN:10,(anonymous_2)
FN:17,(anonymous_3)
FN:21,(anonymous_4)
FNF:3
FNH:0
FNDA:0,(anonymous_2)
FNDA:0,(anonymous_3)
FNDA:0,(anonymous_4)
DA:1,7
DA:2,7
DA:3,7
DA:6,7
DA:11,0
DA:14,0
DA:18,0
DA:22,0
LF:8
LH:4
BRF:0
BRH:0
end_of_record
TN:
SF:src\reportes\reportes.service.ts
FN:9,(anonymous_11)
FN:13,(anonymous_12)
FN:17,(anonymous_13)
FN:27,(anonymous_14)
FN:39,drawHeader
FN:42,(anonymous_16)
FN:53,rowHeight
FN:66,(anonymous_18)
FN:67,(anonymous_19)
FN:68,(anonymous_20)
FN:86,(anonymous_21)
FNF:11
FNH:0
FNDA:0,(anonymous_11)
FNDA:0,(anonymous_12)
FNDA:0,(anonymous_13)
FNDA:0,(anonymous_14)
FNDA:0,drawHeader
FNDA:0,(anonymous_16)
FNDA:0,rowHeight
FNDA:0,(anonymous_18)
FNDA:0,(anonymous_19)
FNDA:0,(anonymous_20)
FNDA:0,(anonymous_21)
DA:1,2
DA:2,2
DA:3,2
DA:6,2
DA:10,0
DA:11,0
DA:13,0
DA:14,0
DA:17,0
DA:18,0
DA:19,0
DA:22,0
DA:23,0
DA:28,0
DA:29,0
DA:31,0
DA:32,0
DA:33,0
DA:34,0
DA:35,0
DA:36,0
DA:37,0
DA:40,0
DA:41,0
DA:42,0
DA:43,0
DA:44,0
DA:49,0
DA:50,0
DA:54,0
DA:55,0
DA:56,0
DA:57,0
DA:58,0
DA:61,0
DA:63,0
DA:66,0
DA:67,0
DA:68,0
DA:71,0
DA:72,0
DA:74,0
DA:76,0
DA:77,0
DA:80,0
DA:86,0
DA:87,0
DA:88,0
DA:89,0
DA:96,0
DA:99,0
DA:100,0
DA:101,0
DA:106,0
DA:111,0
LF:55
LH:4
BRDA:56,0,0,0
BRDA:56,0,1,0
BRDA:57,1,0,0
BRDA:57,1,1,0
BRDA:88,2,0,0
BRDA:88,2,1,0
BRDA:99,3,0,0
BRDA:99,3,1,0
BRF:8
BRH:0
end_of_record
TN:
SF:src\reservas\reserva.controller.ts
FN:35,(anonymous_5)
FN:59,(anonymous_6)
FN:71,(anonymous_7)
FN:75,(anonymous_8)
FN:79,(anonymous_9)
FN:82,(anonymous_10)
FN:131,(anonymous_11)
FN:141,(anonymous_12)
FN:162,(anonymous_13)
FN:172,(anonymous_14)
FNF:10
FNH:1
FNDA:2,(anonymous_5)
FNDA:0,(anonymous_6)
FNDA:0,(anonymous_7)
FNDA:0,(anonymous_8)
FNDA:0,(anonymous_9)
FNDA:0,(anonymous_10)
FNDA:0,(anonymous_11)
FNDA:0,(anonymous_12)
FNDA:0,(anonymous_13)
FNDA:0,(anonymous_14)
DA:1,1
DA:14,1
DA:15,1
DA:16,1
DA:17,1
DA:18,1
DA:23,1
DA:25,2
DA:26,2
DA:35,1
DA:41,2
DA:59,1
DA:66,0
DA:67,0
DA:69,0
DA:70,0
DA:71,0
DA:73,0
DA:74,0
DA:75,0
DA:78,0
DA:79,0
DA:82,0
DA:93,0
DA:104,0
DA:107,0
DA:108,0
DA:109,0
DA:114,0
DA:115,0
DA:121,0
DA:131,1
DA:132,0
DA:141,1
DA:145,0
DA:147,0
DA:153,0
DA:162,1
DA:163,0
DA:172,1
DA:173,0
LF:41
LH:16
BRDA:42,0,0,1
BRDA:42,0,1,1
BRDA:44,1,0,1
BRDA:44,1,1,1
BRDA:45,2,0,1
BRDA:45,2,1,1
BRDA:69,3,0,0
BRDA:69,3,1,0
BRDA:73,4,0,0
BRDA:73,4,1,0
BRDA:78,5,0,0
BRDA:78,5,1,0
BRDA:78,6,0,0
BRDA:78,6,1,0
BRDA:78,6,2,0
BRDA:84,7,0,0
BRDA:84,7,1,0
BRDA:85,8,0,0
BRDA:85,8,1,0
BRDA:86,9,0,0
BRDA:86,9,1,0
BRDA:89,10,0,0
BRDA:89,10,1,0
BRDA:107,11,0,0
BRDA:107,11,1,0
BRF:25
BRH:6
end_of_record
TN:
SF:src\reservas\reservas.service.ts
FN:19,(anonymous_2)
FN:24,(anonymous_3)
FN:58,(anonymous_4)
FN:74,(anonymous_5)
FN:152,(anonymous_6)
FN:217,(anonymous_7)
FN:232,(anonymous_8)
FN:282,(anonymous_9)
FN:295,(anonymous_10)
FN:297,(anonymous_11)
FN:298,(anonymous_12)
FN:299,(anonymous_13)
FN:305,horaAMinutos
FNF:13
FNH:9
FNDA:18,(anonymous_2)
FNDA:3,(anonymous_3)
FNDA:7,(anonymous_4)
FNDA:8,(anonymous_5)
FNDA:2,(anonymous_6)
FNDA:3,(anonymous_7)
FNDA:2,(anonymous_8)
FNDA:1,(anonymous_9)
FNDA:0,(anonymous_10)
FNDA:0,(anonymous_11)
FNDA:0,(anonymous_12)
FNDA:0,(anonymous_13)
FNDA:22,horaAMinutos
DA:1,2
DA:9,2
DA:10,2
DA:13,2
DA:16,2
DA:17,18
DA:20,18
DA:21,18
DA:30,3
DA:31,3
DA:33,3
DA:35,3
DA:36,0
DA:37,0
DA:38,0
DA:41,3
DA:55,3
DA:59,7
DA:67,7
DA:68,2
DA:71,5
DA:75,8
DA:77,8
DA:78,8
DA:79,1
DA:83,7
DA:84,1
DA:89,6
DA:93,6
DA:94,1
DA:99,5
DA:103,5
DA:104,1
DA:109,4
DA:113,1
DA:118,3
DA:119,3
DA:141,3
DA:142,1
DA:147,2
DA:148,2
DA:149,2
DA:150,2
DA:152,2
DA:153,2
DA:175,2
DA:176,1
DA:181,1
DA:201,1
DA:203,1
DA:204,1
DA:205,0
DA:207,1
DA:209,1
DA:214,1
DA:218,3
DA:219,3
DA:220,3
DA:221,3
DA:222,0
DA:226,3
DA:227,1
DA:232,2
DA:233,2
DA:238,2
DA:239,0
DA:242,2
DA:243,2
DA:244,1
DA:248,1
DA:249,0
DA:253,1
DA:283,1
DA:285,0
DA:288,0
DA:289,0
DA:290,0
DA:291,0
DA:293,0
DA:295,0
DA:296,0
DA:297,0
DA:298,0
DA:299,0
DA:300,0
DA:306,22
DA:307,22
LF:87
LH:68
BRDA:27,0,0,2
BRDA:28,1,0,2
BRDA:33,2,0,1
BRDA:33,2,1,2
BRDA:35,3,0,0
BRDA:35,3,1,3
BRDA:67,4,0,2
BRDA:67,4,1,5
BRDA:78,5,0,1
BRDA:78,5,1,7
BRDA:83,6,0,1
BRDA:83,6,1,6
BRDA:93,7,0,1
BRDA:93,7,1,5
BRDA:103,8,0,1
BRDA:103,8,1,4
BRDA:109,9,0,1
BRDA:109,9,1,3
BRDA:110,10,0,4
BRDA:110,10,1,3
BRDA:141,11,0,1
BRDA:141,11,1,2
BRDA:175,12,0,1
BRDA:175,12,1,1
BRDA:192,13,0,1
BRDA:192,13,1,1
BRDA:207,14,0,1
BRDA:207,14,1,0
BRDA:218,15,0,3
BRDA:218,15,1,2
BRDA:219,16,0,3
BRDA:219,16,1,2
BRDA:221,17,0,0
BRDA:221,17,1,3
BRDA:226,18,0,1
BRDA:226,18,1,2
BRDA:238,19,0,0
BRDA:238,19,1,2
BRDA:242,20,0,2
BRDA:242,20,1,0
BRDA:243,21,0,1
BRDA:243,21,1,1
BRDA:243,22,0,2
BRDA:243,22,1,1
BRDA:248,23,0,0
BRDA:248,23,1,1
BRDA:248,24,0,1
BRDA:248,24,1,1
BRDA:256,25,0,1
BRDA:256,25,1,1
BRDA:257,26,0,1
BRDA:257,26,1,0
BRDA:260,27,0,1
BRDA:260,27,1,0
BRDA:261,28,0,1
BRDA:261,28,1,0
BRDA:262,29,0,1
BRDA:262,29,1,0
BRDA:265,30,0,1
BRDA:265,30,1,0
BRDA:266,31,0,1
BRDA:266,31,1,0
BRDA:267,32,0,1
BRDA:267,32,1,0
BRDA:270,33,0,1
BRDA:270,33,1,0
BRF:66
BRH:52
end_of_record
